$ npm run clean && npm run build:types && npm run build:js

> @locoworks/access-sdk@0.0.3 clean
> rm -rf lib && rm -rf types


> @locoworks/access-sdk@0.0.3 build:types
> tsc --emitDeclarationOnly


> @locoworks/access-sdk@0.0.3 build:js
> rollup -c

[36m
[1m./src/index.ts[22m → [1m./lib/access-sdk.esm.js, ./lib/access-sdk.js[22m...[39m

/Users/rajiv/Projects/LoCoWorks/access-js/packages/access-sdk/src/index.ts
   1:1   error    Run autofix to sort these imports!                 simple-import-sort/imports
  24:38  warning  Unexpected any. Specify a different type           @typescript-eslint/no-explicit-any
  25:7   error    'result' is never reassigned. Use 'const' instead  prefer-const
  29:48  warning  Unexpected any. Specify a different type           @typescript-eslint/no-explicit-any
  30:7   error    'result' is never reassigned. Use 'const' instead  prefer-const
  34:35  warning  Unexpected any. Specify a different type           @typescript-eslint/no-explicit-any
  35:7   error    'result' is never reassigned. Use 'const' instead  prefer-const
  38:50  warning  Unexpected any. Specify a different type           @typescript-eslint/no-explicit-any
  39:7   error    'result' is never reassigned. Use 'const' instead  prefer-const
  43:43  warning  Unexpected any. Specify a different type           @typescript-eslint/no-explicit-any
  44:7   error    'result' is never reassigned. Use 'const' instead  prefer-const
  48:39  warning  Unexpected any. Specify a different type           @typescript-eslint/no-explicit-any
  49:7   error    'result' is never reassigned. Use 'const' instead  prefer-const
  53:35  warning  Unexpected any. Specify a different type           @typescript-eslint/no-explicit-any
  54:7   error    'result' is never reassigned. Use 'const' instead  prefer-const
  58:31  warning  Unexpected any. Specify a different type           @typescript-eslint/no-explicit-any
  59:7   error    'result' is never reassigned. Use 'const' instead  prefer-const
  63:36  warning  Unexpected any. Specify a different type           @typescript-eslint/no-explicit-any
  64:7   error    'result' is never reassigned. Use 'const' instead  prefer-const
  68:33  warning  Unexpected any. Specify a different type           @typescript-eslint/no-explicit-any
  69:7   error    'result' is never reassigned. Use 'const' instead  prefer-const

✖ 21 problems (11 errors, 10 warnings)
  11 errors and 0 warnings potentially fixable with the `--fix` option.


/Users/rajiv/Projects/LoCoWorks/access-js/packages/access-sdk/src/sdk.ts
   1:1   error    Run autofix to sort these imports!        simple-import-sort/imports
  17:26  warning  Unexpected any. Specify a different type  @typescript-eslint/no-explicit-any
  23:39  warning  Unexpected any. Specify a different type  @typescript-eslint/no-explicit-any
  43:30  warning  Unexpected any. Specify a different type  @typescript-eslint/no-explicit-any

✖ 4 problems (1 error, 3 warnings)
  1 error and 0 warnings potentially fixable with the `--fix` option.


/Users/rajiv/Projects/LoCoWorks/access-js/packages/access-sdk/src/stories/Users/Authorize/index.ts
  1:1   error    Run autofix to sort these imports!        simple-import-sort/imports
  6:36  warning  Unexpected any. Specify a different type  @typescript-eslint/no-explicit-any

✖ 2 problems (1 error, 1 warning)
  1 error and 0 warnings potentially fixable with the `--fix` option.


/Users/rajiv/Projects/LoCoWorks/access-js/packages/access-sdk/src/stories/Users/CanRegister/index.ts
   1:1   error    Run autofix to sort these imports!                        simple-import-sort/imports
   5:36  warning  Unexpected any. Specify a different type                  @typescript-eslint/no-explicit-any
  19:3   error    Unnecessary try/catch wrapper                             no-useless-catch
  24:30  warning  Unexpected any. Specify a different type                  @typescript-eslint/no-explicit-any
  53:33  warning  Unexpected any. Specify a different type                  @typescript-eslint/no-explicit-any
  76:26  warning  Unexpected any. Specify a different type                  @typescript-eslint/no-explicit-any
  84:13  error    'createdVerification' is assigned a value but never used  @typescript-eslint/no-unused-vars
  84:34  warning  Unexpected any. Specify a different type                  @typescript-eslint/no-explicit-any

✖ 8 problems (3 errors, 5 warnings)
  1 error and 0 warnings potentially fixable with the `--fix` option.


/Users/rajiv/Projects/LoCoWorks/access-js/packages/access-sdk/src/stories/Users/CanLogin/index.ts
   1:1   error    Run autofix to sort these imports!        simple-import-sort/imports
   7:36  warning  Unexpected any. Specify a different type  @typescript-eslint/no-explicit-any
  21:3   error    Unnecessary try/catch wrapper             no-useless-catch
  25:30  warning  Unexpected any. Specify a different type  @typescript-eslint/no-explicit-any
  46:33  warning  Unexpected any. Specify a different type  @typescript-eslint/no-explicit-any
  89:17  warning  Unexpected any. Specify a different type  @typescript-eslint/no-explicit-any

✖ 6 problems (2 errors, 4 warnings)
  1 error and 0 warnings potentially fixable with the `--fix` option.


/Users/rajiv/Projects/LoCoWorks/access-js/packages/access-sdk/src/stories/Accounts/CRUD/index.ts
   1:1   error    Run autofix to sort these imports!             simple-import-sort/imports
   2:30  error    'generateRandomKey' is defined but never used  @typescript-eslint/no-unused-vars
   5:36  warning  Unexpected any. Specify a different type       @typescript-eslint/no-explicit-any
  25:7   error    Unexpected lexical declaration in case block   no-case-declarations
  25:26  warning  Unexpected any. Specify a different type       @typescript-eslint/no-explicit-any
  40:7   error    Unexpected lexical declaration in case block   no-case-declarations
  40:29  warning  Unexpected any. Specify a different type       @typescript-eslint/no-explicit-any

✖ 7 problems (4 errors, 3 warnings)
  1 error and 0 warnings potentially fixable with the `--fix` option.


/Users/rajiv/Projects/LoCoWorks/access-js/packages/access-sdk/src/stories/Users/VerifyRegistration/index.ts
   1:1   error    Run autofix to sort these imports!        simple-import-sort/imports
  10:36  warning  Unexpected any. Specify a different type  @typescript-eslint/no-explicit-any
  24:3   error    Unnecessary try/catch wrapper             no-useless-catch
  28:33  warning  Unexpected any. Specify a different type  @typescript-eslint/no-explicit-any

✖ 4 problems (2 errors, 2 warnings)
  1 error and 0 warnings potentially fixable with the `--fix` option.


/Users/rajiv/Projects/LoCoWorks/access-js/packages/access-sdk/src/stories/Users/CanResetPassword/index.ts
   1:1   error    Run autofix to sort these imports!        simple-import-sort/imports
  10:36  warning  Unexpected any. Specify a different type  @typescript-eslint/no-explicit-any
  27:30  warning  Unexpected any. Specify a different type  @typescript-eslint/no-explicit-any
  47:33  warning  Unexpected any. Specify a different type  @typescript-eslint/no-explicit-any

✖ 4 problems (1 error, 3 warnings)
  1 error and 0 warnings potentially fixable with the `--fix` option.


/Users/rajiv/Projects/LoCoWorks/access-js/packages/access-sdk/src/stories/Users/CanRequestResetPassword/index.ts
   1:1   error    Run autofix to sort these imports!        simple-import-sort/imports
   5:36  warning  Unexpected any. Specify a different type  @typescript-eslint/no-explicit-any
  22:30  warning  Unexpected any. Specify a different type  @typescript-eslint/no-explicit-any
  45:33  warning  Unexpected any. Specify a different type  @typescript-eslint/no-explicit-any
  77:34  warning  Unexpected any. Specify a different type  @typescript-eslint/no-explicit-any

✖ 5 problems (1 error, 4 warnings)
  1 error and 0 warnings potentially fixable with the `--fix` option.


/Users/rajiv/Projects/LoCoWorks/access-js/packages/access-sdk/src/stories/Admins/CRUD/index.ts
   1:1   error    Run autofix to sort these imports!             simple-import-sort/imports
   2:30  error    'generateRandomKey' is defined but never used  @typescript-eslint/no-unused-vars
   8:36  warning  Unexpected any. Specify a different type       @typescript-eslint/no-explicit-any
  29:7   error    Unexpected lexical declaration in case block   no-case-declarations
  29:29  warning  Unexpected any. Specify a different type       @typescript-eslint/no-explicit-any
  42:7   error    Unexpected lexical declaration in case block   no-case-declarations
  42:28  warning  Unexpected any. Specify a different type       @typescript-eslint/no-explicit-any

✖ 7 problems (4 errors, 3 warnings)
  1 error and 0 warnings potentially fixable with the `--fix` option.


/Users/rajiv/Projects/LoCoWorks/access-js/packages/access-sdk/src/stories/Keys/CRUD/index.ts
   1:1   error    Run autofix to sort these imports!            simple-import-sort/imports
   5:36  warning  Unexpected any. Specify a different type      @typescript-eslint/no-explicit-any
  27:7   error    Unexpected lexical declaration in case block  no-case-declarations
  27:26  warning  Unexpected any. Specify a different type      @typescript-eslint/no-explicit-any
  42:7   error    Unexpected lexical declaration in case block  no-case-declarations
  43:7   error    Unexpected lexical declaration in case block  no-case-declarations
  45:7   error    Unexpected lexical declaration in case block  no-case-declarations
  45:25  warning  Unexpected any. Specify a different type      @typescript-eslint/no-explicit-any
  61:7   error    Unexpected lexical declaration in case block  no-case-declarations
  61:32  warning  Unexpected any. Specify a different type      @typescript-eslint/no-explicit-any
  78:7   error    Unexpected lexical declaration in case block  no-case-declarations
  78:24  warning  Unexpected any. Specify a different type      @typescript-eslint/no-explicit-any
  97:28  warning  Unexpected any. Specify a different type      @typescript-eslint/no-explicit-any

✖ 13 problems (7 errors, 6 warnings)
  1 error and 0 warnings potentially fixable with the `--fix` option.


/Users/rajiv/Projects/LoCoWorks/access-js/packages/access-sdk/src/stories/Keys/Recognize/index.ts
   1:1   error    Run autofix to sort these imports!             simple-import-sort/imports
   2:30  error    'generateRandomKey' is defined but never used  @typescript-eslint/no-unused-vars
   5:36  warning  Unexpected any. Specify a different type       @typescript-eslint/no-explicit-any
  16:20  warning  Unexpected any. Specify a different type       @typescript-eslint/no-explicit-any
  35:7   error    'keyType' is assigned a value but never used   @typescript-eslint/no-unused-vars

✖ 5 problems (3 errors, 2 warnings)
  1 error and 0 warnings potentially fixable with the `--fix` option.


/Users/rajiv/Projects/LoCoWorks/access-js/packages/access-sdk/src/cijson/resources/attributes.json
  1:0  error  Parsing error: '{' expected

✖ 1 problem (1 error, 0 warnings)


/Users/rajiv/Projects/LoCoWorks/access-js/packages/access-sdk/src/cijson/resources/verifications.json
  1:0  error  Parsing error: '{' expected

✖ 1 problem (1 error, 0 warnings)


/Users/rajiv/Projects/LoCoWorks/access-js/packages/access-sdk/src/cijson/resources/accounts.json
  1:0  error  Parsing error: '{' expected

✖ 1 problem (1 error, 0 warnings)


/Users/rajiv/Projects/LoCoWorks/access-js/packages/access-sdk/src/cijson/resources/tokens.json
  1:0  error  Parsing error: '{' expected

✖ 1 problem (1 error, 0 warnings)


/Users/rajiv/Projects/LoCoWorks/access-js/packages/access-sdk/src/cijson/resources/admins.json
  1:0  error  Parsing error: '{' expected

✖ 1 problem (1 error, 0 warnings)


/Users/rajiv/Projects/LoCoWorks/access-js/packages/access-sdk/src/cijson/resources/keys.json
  1:0  error  Parsing error: '{' expected

✖ 1 problem (1 error, 0 warnings)


/Users/rajiv/Projects/LoCoWorks/access-js/packages/access-sdk/src/cijson/resources/users.json
  1:0  error  Parsing error: '{' expected

✖ 1 problem (1 error, 0 warnings)


/Users/rajiv/Projects/LoCoWorks/access-js/packages/access-sdk/src/cijson/mixins/timestamps.json
  1:0  error  Parsing error: '{' expected

✖ 1 problem (1 error, 0 warnings)


/Users/rajiv/Projects/LoCoWorks/access-js/packages/access-sdk/src/cijson/hooks/afterPrepareReadUsers.ts
  4:1  error  Replace `↹` with `··`  prettier/prettier
  5:1  error  Replace `↹` with `··`  prettier/prettier

✖ 2 problems (2 errors, 0 warnings)
  2 errors and 0 warnings potentially fixable with the `--fix` option.


/Users/rajiv/Projects/LoCoWorks/access-js/packages/access-sdk/src/functions/validateToken.ts
   4:8   warning  Unexpected any. Specify a different type            @typescript-eslint/no-explicit-any
   8:7   error    'decoded' is never reassigned. Use 'const' instead  prefer-const
  10:7   error    'token' is never reassigned. Use 'const' instead    prefer-const
  10:14  warning  Unexpected any. Specify a different type            @typescript-eslint/no-explicit-any
  27:17  warning  Unexpected any. Specify a different type            @typescript-eslint/no-explicit-any
  54:18  warning  Unexpected any. Specify a different type            @typescript-eslint/no-explicit-any

✖ 6 problems (2 errors, 4 warnings)
  2 errors and 0 warnings potentially fixable with the `--fix` option.


/Users/rajiv/Projects/LoCoWorks/access-js/packages/access-sdk/src/utils/createToken.ts
   4:41  warning  Unexpected any. Specify a different type          @typescript-eslint/no-explicit-any
   5:3   error    Unnecessary try/catch wrapper                     no-useless-catch
   7:9   error    'token' is never reassigned. Use 'const' instead  prefer-const
   7:16  warning  Unexpected any. Specify a different type          @typescript-eslint/no-explicit-any
  17:9   error    'jwt' is never reassigned. Use 'const' instead    prefer-const
  25:43  warning  Unexpected any. Specify a different type          @typescript-eslint/no-explicit-any
  26:3   error    Unnecessary try/catch wrapper                     no-useless-catch
  28:9   error    'token' is never reassigned. Use 'const' instead  prefer-const
  28:16  warning  Unexpected any. Specify a different type          @typescript-eslint/no-explicit-any
  38:9   error    'jwt' is never reassigned. Use 'const' instead    prefer-const

✖ 10 problems (6 errors, 4 warnings)
  4 errors and 0 warnings potentially fixable with the `--fix` option.


/Users/rajiv/Projects/LoCoWorks/access-js/packages/access-sdk/src/utils/tokenHelpers.ts
  5:3  error  Unnecessary try/catch wrapper  no-useless-catch

✖ 1 problem (1 error, 0 warnings)

[32mcreated [1m./lib/access-sdk.esm.js, ./lib/access-sdk.js[22m in [1m2.2s[22m[39m
